app/build/intermediates/manifest_merge_blame_file/debug/manifest-merger-blame-debug-report.txt
1<?xml version="1.0" encoding="utf-8"?>
2<manifest xmlns:android="http://schemas.android.com/apk/res/android"
3    package="com.example.mybankapplication"
4    android:versionCode="1"
5    android:versionName="1.0" >
6
7    <uses-sdk
8        android:minSdkVersion="19"
8-->src\main\AndroidManifest.xml
9        android:targetSdkVersion="29" />
9-->src\main\AndroidManifest.xml
10
11    <uses-permission android:name="android.permission.INTERNET" />
11-->src\main\AndroidManifest.xml:4:5-66
11-->src\main\AndroidManifest.xml:4:22-64
12
13    <application
13-->src\main\AndroidManifest.xml:6:5-22:19
14        android:appComponentFactory="androidx.core.app.CoreComponentFactory"
14-->[androidx.core:core:1.1.0] AndroidManifest.xml:24:18-86
15        android:debuggable="true"
16        android:icon="@mipmap/ic_launcher"
16-->src\main\AndroidManifest.xml:7:9-43
17        android:roundIcon="@mipmap/ic_launcher_round"
17-->src\main\AndroidManifest.xml:8:9-54
18        android:supportsRtl="true"
18-->src\main\AndroidManifest.xml:9:9-35
19        android:testOnly="true"
20        android:theme="@style/AppTheme.NoActionBar" >
20-->src\main\AndroidManifest.xml:11:9-52
21        <activity android:name="com.example.mybankapplication.cleancode.statementsScreen.StatementsActivity" />
21-->src\main\AndroidManifest.xml:13:9-83
21-->src\main\AndroidManifest.xml:13:19-80
22        <activity
22-->src\main\AndroidManifest.xml:14:9-21:20
23            android:name="com.example.mybankapplication.cleancode.loginScreen.HomeActivity"
23-->src\main\AndroidManifest.xml:14:19-69
24            android:windowSoftInputMode="adjustPan" >
24-->src\main\AndroidManifest.xml:15:13-52
25            <intent-filter>
25-->src\main\AndroidManifest.xml:17:13-20:29
26                <action android:name="android.intent.action.MAIN" />
26-->src\main\AndroidManifest.xml:18:17-69
26-->src\main\AndroidManifest.xml:18:25-66
27
28                <category android:name="android.intent.category.LAUNCHER" />
28-->src\main\AndroidManifest.xml:19:17-77
28-->src\main\AndroidManifest.xml:19:27-74
29            </intent-filter>
30        </activity>
31    </application>
32
33</manifest>